Calling target program-options parser
[10:20:38.066] [bmv2] [D] [thread 311734] Set default default entry for table 'tbl_pmu_logging245': pmu_logging245 - 
[10:20:38.066] [bmv2] [D] [thread 311734] Set default default entry for table 'tbl_send_digest_message': MyIngress.send_digest_message - 
[10:20:38.066] [bmv2] [D] [thread 311734] Set default default entry for table 'tbl_send_digest_message_0': MyIngress.send_digest_message - 
[10:20:38.066] [bmv2] [D] [thread 311734] Set default default entry for table 'tbl_update_registers': MyIngress.update_registers - 
[10:20:38.066] [bmv2] [D] [thread 311734] Set default default entry for table 'tbl_pmu_logging266': pmu_logging266 - 
[10:20:38.066] [bmv2] [D] [thread 311734] Set default default entry for table 'MyIngress.ipv4_lpm': MyIngress.drop - 
Adding interface s1-eth1 as port 1
[10:20:38.066] [bmv2] [D] [thread 311734] Adding interface s1-eth1 as port 1
Adding interface s1-eth2 as port 2
[10:20:38.104] [bmv2] [D] [thread 311734] Adding interface s1-eth2 as port 2
[10:20:38.135] [bmv2] [I] [thread 311734] Starting Thrift server on port 9090
[10:20:38.136] [bmv2] [I] [thread 311734] Thrift server was started
[10:20:38.144] [bmv2] [D] [thread 311747] [0.0] [cxt 0] Processing packet received on port 2
[10:20:38.144] [bmv2] [D] [thread 311747] [0.0] [cxt 0] Parser 'parser': start
[10:20:38.144] [bmv2] [D] [thread 311747] [0.0] [cxt 0] Parser 'parser' entering state 'start'
[10:20:38.144] [bmv2] [D] [thread 311747] [0.0] [cxt 0] Extracting header 'ethernet'
[10:20:38.144] [bmv2] [D] [thread 311747] [0.0] [cxt 0] Parser state 'start': key is 86dd
[10:20:38.144] [bmv2] [T] [thread 311747] [0.0] [cxt 0] Bytes parsed: 14
[10:20:38.144] [bmv2] [D] [thread 311747] [0.0] [cxt 0] Parser 'parser': end
[10:20:38.144] [bmv2] [D] [thread 311747] [0.0] [cxt 0] Pipeline 'ingress': start
[10:20:38.144] [bmv2] [T] [thread 311747] [0.0] [cxt 0] pmu_logging.p4(239) Condition "hdr.ipv4.isValid()" (node_2) is false
[10:20:38.144] [bmv2] [D] [thread 311747] [0.0] [cxt 0] Pipeline 'ingress': end
[10:20:38.144] [bmv2] [D] [thread 311747] [0.0] [cxt 0] Egress port is 0
[10:20:38.144] [bmv2] [D] [thread 311748] [0.0] [cxt 0] Pipeline 'egress': start
[10:20:38.144] [bmv2] [D] [thread 311748] [0.0] [cxt 0] Pipeline 'egress': end
[10:20:38.144] [bmv2] [D] [thread 311748] [0.0] [cxt 0] Deparser 'deparser': start
[10:20:38.144] [bmv2] [T] [thread 311748] [0.0] [cxt 0] Skipping checksum 'cksum' update because condition not met
[10:20:38.144] [bmv2] [D] [thread 311748] [0.0] [cxt 0] Deparsing header 'ethernet'
[10:20:38.144] [bmv2] [D] [thread 311748] [0.0] [cxt 0] Deparser 'deparser': end
[10:20:38.144] [bmv2] [D] [thread 311752] [0.0] [cxt 0] Transmitting packet of size 86 out of port 0
[10:20:38.491] [bmv2] [D] [thread 311747] [1.0] [cxt 0] Processing packet received on port 1
[10:20:38.492] [bmv2] [D] [thread 311747] [1.0] [cxt 0] Parser 'parser': start
[10:20:38.492] [bmv2] [D] [thread 311747] [1.0] [cxt 0] Parser 'parser' entering state 'start'
[10:20:38.492] [bmv2] [D] [thread 311747] [1.0] [cxt 0] Extracting header 'ethernet'
[10:20:38.492] [bmv2] [D] [thread 311747] [1.0] [cxt 0] Parser state 'start': key is 86dd
[10:20:38.492] [bmv2] [T] [thread 311747] [1.0] [cxt 0] Bytes parsed: 14
[10:20:38.492] [bmv2] [D] [thread 311747] [1.0] [cxt 0] Parser 'parser': end
[10:20:38.492] [bmv2] [D] [thread 311747] [1.0] [cxt 0] Pipeline 'ingress': start
[10:20:38.492] [bmv2] [T] [thread 311747] [1.0] [cxt 0] pmu_logging.p4(239) Condition "hdr.ipv4.isValid()" (node_2) is false
[10:20:38.492] [bmv2] [D] [thread 311747] [1.0] [cxt 0] Pipeline 'ingress': end
[10:20:38.492] [bmv2] [D] [thread 311747] [1.0] [cxt 0] Egress port is 0
[10:20:38.492] [bmv2] [D] [thread 311748] [1.0] [cxt 0] Pipeline 'egress': start
[10:20:38.492] [bmv2] [D] [thread 311748] [1.0] [cxt 0] Pipeline 'egress': end
[10:20:38.492] [bmv2] [D] [thread 311748] [1.0] [cxt 0] Deparser 'deparser': start
[10:20:38.492] [bmv2] [T] [thread 311748] [1.0] [cxt 0] Skipping checksum 'cksum' update because condition not met
[10:20:38.492] [bmv2] [D] [thread 311748] [1.0] [cxt 0] Deparsing header 'ethernet'
[10:20:38.492] [bmv2] [D] [thread 311748] [1.0] [cxt 0] Deparser 'deparser': end
[10:20:38.492] [bmv2] [D] [thread 311752] [1.0] [cxt 0] Transmitting packet of size 90 out of port 0
[10:20:38.524] [bmv2] [D] [thread 311747] [2.0] [cxt 0] Processing packet received on port 2
[10:20:38.524] [bmv2] [D] [thread 311747] [2.0] [cxt 0] Parser 'parser': start
[10:20:38.524] [bmv2] [D] [thread 311747] [2.0] [cxt 0] Parser 'parser' entering state 'start'
[10:20:38.524] [bmv2] [D] [thread 311747] [2.0] [cxt 0] Extracting header 'ethernet'
[10:20:38.524] [bmv2] [D] [thread 311747] [2.0] [cxt 0] Parser state 'start': key is 86dd
[10:20:38.524] [bmv2] [T] [thread 311747] [2.0] [cxt 0] Bytes parsed: 14
[10:20:38.524] [bmv2] [D] [thread 311747] [2.0] [cxt 0] Parser 'parser': end
[10:20:38.524] [bmv2] [D] [thread 311747] [2.0] [cxt 0] Pipeline 'ingress': start
[10:20:38.524] [bmv2] [T] [thread 311747] [2.0] [cxt 0] pmu_logging.p4(239) Condition "hdr.ipv4.isValid()" (node_2) is false
[10:20:38.524] [bmv2] [D] [thread 311747] [2.0] [cxt 0] Pipeline 'ingress': end
[10:20:38.524] [bmv2] [D] [thread 311747] [2.0] [cxt 0] Egress port is 0
[10:20:38.524] [bmv2] [D] [thread 311748] [2.0] [cxt 0] Pipeline 'egress': start
[10:20:38.524] [bmv2] [D] [thread 311748] [2.0] [cxt 0] Pipeline 'egress': end
[10:20:38.524] [bmv2] [D] [thread 311748] [2.0] [cxt 0] Deparser 'deparser': start
[10:20:38.524] [bmv2] [T] [thread 311748] [2.0] [cxt 0] Skipping checksum 'cksum' update because condition not met
[10:20:38.524] [bmv2] [D] [thread 311748] [2.0] [cxt 0] Deparsing header 'ethernet'
[10:20:38.524] [bmv2] [D] [thread 311748] [2.0] [cxt 0] Deparser 'deparser': end
[10:20:38.524] [bmv2] [D] [thread 311752] [2.0] [cxt 0] Transmitting packet of size 90 out of port 0
[10:20:38.844] [bmv2] [D] [thread 311747] [3.0] [cxt 0] Processing packet received on port 1
[10:20:38.844] [bmv2] [D] [thread 311747] [3.0] [cxt 0] Parser 'parser': start
[10:20:38.844] [bmv2] [D] [thread 311747] [3.0] [cxt 0] Parser 'parser' entering state 'start'
[10:20:38.844] [bmv2] [D] [thread 311747] [3.0] [cxt 0] Extracting header 'ethernet'
[10:20:38.844] [bmv2] [D] [thread 311747] [3.0] [cxt 0] Parser state 'start': key is 86dd
[10:20:38.844] [bmv2] [T] [thread 311747] [3.0] [cxt 0] Bytes parsed: 14
[10:20:38.844] [bmv2] [D] [thread 311747] [3.0] [cxt 0] Parser 'parser': end
[10:20:38.844] [bmv2] [D] [thread 311747] [3.0] [cxt 0] Pipeline 'ingress': start
[10:20:38.844] [bmv2] [T] [thread 311747] [3.0] [cxt 0] pmu_logging.p4(239) Condition "hdr.ipv4.isValid()" (node_2) is false
[10:20:38.844] [bmv2] [D] [thread 311747] [3.0] [cxt 0] Pipeline 'ingress': end
[10:20:38.844] [bmv2] [D] [thread 311747] [3.0] [cxt 0] Egress port is 0
[10:20:38.844] [bmv2] [D] [thread 311748] [3.0] [cxt 0] Pipeline 'egress': start
[10:20:38.844] [bmv2] [D] [thread 311748] [3.0] [cxt 0] Pipeline 'egress': end
[10:20:38.844] [bmv2] [D] [thread 311748] [3.0] [cxt 0] Deparser 'deparser': start
[10:20:38.844] [bmv2] [T] [thread 311748] [3.0] [cxt 0] Skipping checksum 'cksum' update because condition not met
[10:20:38.844] [bmv2] [D] [thread 311748] [3.0] [cxt 0] Deparsing header 'ethernet'
[10:20:38.844] [bmv2] [D] [thread 311748] [3.0] [cxt 0] Deparser 'deparser': end
[10:20:38.844] [bmv2] [D] [thread 311752] [3.0] [cxt 0] Transmitting packet of size 86 out of port 0
[10:20:39.164] [bmv2] [D] [thread 311747] [4.0] [cxt 0] Processing packet received on port 2
[10:20:39.164] [bmv2] [D] [thread 311747] [4.0] [cxt 0] Parser 'parser': start
[10:20:39.164] [bmv2] [D] [thread 311747] [4.0] [cxt 0] Parser 'parser' entering state 'start'
[10:20:39.164] [bmv2] [D] [thread 311747] [4.0] [cxt 0] Extracting header 'ethernet'
[10:20:39.164] [bmv2] [D] [thread 311747] [4.0] [cxt 0] Parser state 'start': key is 86dd
[10:20:39.164] [bmv2] [T] [thread 311747] [4.0] [cxt 0] Bytes parsed: 14
[10:20:39.164] [bmv2] [D] [thread 311747] [4.0] [cxt 0] Parser 'parser': end
[10:20:39.164] [bmv2] [D] [thread 311747] [4.0] [cxt 0] Pipeline 'ingress': start
[10:20:39.164] [bmv2] [T] [thread 311747] [4.0] [cxt 0] pmu_logging.p4(239) Condition "hdr.ipv4.isValid()" (node_2) is false
[10:20:39.164] [bmv2] [D] [thread 311747] [4.0] [cxt 0] Pipeline 'ingress': end
[10:20:39.164] [bmv2] [D] [thread 311747] [4.0] [cxt 0] Egress port is 0
[10:20:39.164] [bmv2] [D] [thread 311747] [5.0] [cxt 0] Processing packet received on port 2
[10:20:39.164] [bmv2] [D] [thread 311747] [5.0] [cxt 0] Parser 'parser': start
[10:20:39.164] [bmv2] [D] [thread 311747] [5.0] [cxt 0] Parser 'parser' entering state 'start'
[10:20:39.164] [bmv2] [D] [thread 311747] [5.0] [cxt 0] Extracting header 'ethernet'
[10:20:39.164] [bmv2] [D] [thread 311747] [5.0] [cxt 0] Parser state 'start': key is 86dd
[10:20:39.164] [bmv2] [T] [thread 311747] [5.0] [cxt 0] Bytes parsed: 14
[10:20:39.164] [bmv2] [D] [thread 311747] [5.0] [cxt 0] Parser 'parser': end
[10:20:39.164] [bmv2] [D] [thread 311747] [5.0] [cxt 0] Pipeline 'ingress': start
[10:20:39.164] [bmv2] [D] [thread 311748] [4.0] [cxt 0] Pipeline 'egress': start
[10:20:39.164] [bmv2] [D] [thread 311748] [4.0] [cxt 0] Pipeline 'egress': end
[10:20:39.164] [bmv2] [D] [thread 311748] [4.0] [cxt 0] Deparser 'deparser': start
[10:20:39.164] [bmv2] [T] [thread 311748] [4.0] [cxt 0] Skipping checksum 'cksum' update because condition not met
[10:20:39.164] [bmv2] [D] [thread 311748] [4.0] [cxt 0] Deparsing header 'ethernet'
[10:20:39.164] [bmv2] [D] [thread 311748] [4.0] [cxt 0] Deparser 'deparser': end
[10:20:39.164] [bmv2] [T] [thread 311747] [5.0] [cxt 0] pmu_logging.p4(239) Condition "hdr.ipv4.isValid()" (node_2) is false
[10:20:39.164] [bmv2] [D] [thread 311752] [4.0] [cxt 0] Transmitting packet of size 90 out of port 0
[10:20:39.164] [bmv2] [D] [thread 311747] [5.0] [cxt 0] Pipeline 'ingress': end
[10:20:39.164] [bmv2] [D] [thread 311747] [5.0] [cxt 0] Egress port is 0
[10:20:39.165] [bmv2] [D] [thread 311748] [5.0] [cxt 0] Pipeline 'egress': start
[10:20:39.165] [bmv2] [D] [thread 311748] [5.0] [cxt 0] Pipeline 'egress': end
[10:20:39.165] [bmv2] [D] [thread 311748] [5.0] [cxt 0] Deparser 'deparser': start
[10:20:39.165] [bmv2] [T] [thread 311748] [5.0] [cxt 0] Skipping checksum 'cksum' update because condition not met
[10:20:39.165] [bmv2] [D] [thread 311748] [5.0] [cxt 0] Deparsing header 'ethernet'
[10:20:39.165] [bmv2] [D] [thread 311748] [5.0] [cxt 0] Deparser 'deparser': end
[10:20:39.165] [bmv2] [D] [thread 311752] [5.0] [cxt 0] Transmitting packet of size 70 out of port 0
[10:20:39.175] [bmv2] [D] [thread 311747] [6.0] [cxt 0] Processing packet received on port 2
[10:20:39.176] [bmv2] [D] [thread 311747] [6.0] [cxt 0] Parser 'parser': start
[10:20:39.176] [bmv2] [D] [thread 311747] [6.0] [cxt 0] Parser 'parser' entering state 'start'
[10:20:39.176] [bmv2] [D] [thread 311747] [6.0] [cxt 0] Extracting header 'ethernet'
[10:20:39.176] [bmv2] [D] [thread 311747] [6.0] [cxt 0] Parser state 'start': key is 86dd
[10:20:39.176] [bmv2] [T] [thread 311747] [6.0] [cxt 0] Bytes parsed: 14
[10:20:39.176] [bmv2] [D] [thread 311747] [6.0] [cxt 0] Parser 'parser': end
[10:20:39.176] [bmv2] [D] [thread 311747] [6.0] [cxt 0] Pipeline 'ingress': start
[10:20:39.176] [bmv2] [T] [thread 311747] [6.0] [cxt 0] pmu_logging.p4(239) Condition "hdr.ipv4.isValid()" (node_2) is false
[10:20:39.176] [bmv2] [D] [thread 311747] [6.0] [cxt 0] Pipeline 'ingress': end
[10:20:39.176] [bmv2] [D] [thread 311747] [6.0] [cxt 0] Egress port is 0
[10:20:39.176] [bmv2] [D] [thread 311748] [6.0] [cxt 0] Pipeline 'egress': start
[10:20:39.176] [bmv2] [D] [thread 311748] [6.0] [cxt 0] Pipeline 'egress': end
[10:20:39.176] [bmv2] [D] [thread 311748] [6.0] [cxt 0] Deparser 'deparser': start
[10:20:39.176] [bmv2] [T] [thread 311748] [6.0] [cxt 0] Skipping checksum 'cksum' update because condition not met
[10:20:39.176] [bmv2] [D] [thread 311748] [6.0] [cxt 0] Deparsing header 'ethernet'
[10:20:39.176] [bmv2] [D] [thread 311748] [6.0] [cxt 0] Deparser 'deparser': end
[10:20:39.176] [bmv2] [D] [thread 311752] [6.0] [cxt 0] Transmitting packet of size 90 out of port 0
[10:20:39.267] [bmv2] [D] [thread 311747] [7.0] [cxt 0] Processing packet received on port 2
[10:20:39.267] [bmv2] [D] [thread 311747] [7.0] [cxt 0] Parser 'parser': start
[10:20:39.267] [bmv2] [D] [thread 311747] [7.0] [cxt 0] Parser 'parser' entering state 'start'
[10:20:39.267] [bmv2] [D] [thread 311747] [7.0] [cxt 0] Extracting header 'ethernet'
[10:20:39.267] [bmv2] [D] [thread 311747] [7.0] [cxt 0] Parser state 'start': key is 86dd
[10:20:39.267] [bmv2] [T] [thread 311747] [7.0] [cxt 0] Bytes parsed: 14
[10:20:39.267] [bmv2] [D] [thread 311747] [7.0] [cxt 0] Parser 'parser': end
[10:20:39.267] [bmv2] [D] [thread 311747] [7.0] [cxt 0] Pipeline 'ingress': start
[10:20:39.267] [bmv2] [T] [thread 311747] [7.0] [cxt 0] pmu_logging.p4(239) Condition "hdr.ipv4.isValid()" (node_2) is false
[10:20:39.267] [bmv2] [D] [thread 311747] [7.0] [cxt 0] Pipeline 'ingress': end
[10:20:39.267] [bmv2] [D] [thread 311747] [7.0] [cxt 0] Egress port is 0
[10:20:39.267] [bmv2] [D] [thread 311748] [7.0] [cxt 0] Pipeline 'egress': start
[10:20:39.267] [bmv2] [D] [thread 311748] [7.0] [cxt 0] Pipeline 'egress': end
[10:20:39.267] [bmv2] [D] [thread 311748] [7.0] [cxt 0] Deparser 'deparser': start
[10:20:39.267] [bmv2] [T] [thread 311748] [7.0] [cxt 0] Skipping checksum 'cksum' update because condition not met
[10:20:39.267] [bmv2] [D] [thread 311748] [7.0] [cxt 0] Deparsing header 'ethernet'
[10:20:39.267] [bmv2] [D] [thread 311748] [7.0] [cxt 0] Deparser 'deparser': end
[10:20:39.268] [bmv2] [D] [thread 311752] [7.0] [cxt 0] Transmitting packet of size 203 out of port 0
[10:20:39.380] [bmv2] [D] [thread 311747] [8.0] [cxt 0] Processing packet received on port 2
[10:20:39.380] [bmv2] [D] [thread 311747] [8.0] [cxt 0] Parser 'parser': start
[10:20:39.380] [bmv2] [D] [thread 311747] [8.0] [cxt 0] Parser 'parser' entering state 'start'
[10:20:39.380] [bmv2] [D] [thread 311747] [8.0] [cxt 0] Extracting header 'ethernet'
[10:20:39.380] [bmv2] [D] [thread 311747] [8.0] [cxt 0] Parser state 'start': key is 86dd
[10:20:39.380] [bmv2] [T] [thread 311747] [8.0] [cxt 0] Bytes parsed: 14
[10:20:39.380] [bmv2] [D] [thread 311747] [8.0] [cxt 0] Parser 'parser': end
[10:20:39.380] [bmv2] [D] [thread 311747] [8.0] [cxt 0] Pipeline 'ingress': start
[10:20:39.380] [bmv2] [T] [thread 311747] [8.0] [cxt 0] pmu_logging.p4(239) Condition "hdr.ipv4.isValid()" (node_2) is false
[10:20:39.380] [bmv2] [D] [thread 311747] [8.0] [cxt 0] Pipeline 'ingress': end
[10:20:39.380] [bmv2] [D] [thread 311747] [8.0] [cxt 0] Egress port is 0
[10:20:39.380] [bmv2] [D] [thread 311748] [8.0] [cxt 0] Pipeline 'egress': start
[10:20:39.380] [bmv2] [D] [thread 311748] [8.0] [cxt 0] Pipeline 'egress': end
[10:20:39.380] [bmv2] [D] [thread 311748] [8.0] [cxt 0] Deparser 'deparser': start
[10:20:39.380] [bmv2] [T] [thread 311748] [8.0] [cxt 0] Skipping checksum 'cksum' update because condition not met
[10:20:39.380] [bmv2] [D] [thread 311748] [8.0] [cxt 0] Deparsing header 'ethernet'
[10:20:39.380] [bmv2] [D] [thread 311748] [8.0] [cxt 0] Deparser 'deparser': end
[10:20:39.380] [bmv2] [D] [thread 311752] [8.0] [cxt 0] Transmitting packet of size 229 out of port 0
[10:20:39.632] [bmv2] [D] [thread 311747] [9.0] [cxt 0] Processing packet received on port 2
[10:20:39.632] [bmv2] [D] [thread 311747] [9.0] [cxt 0] Parser 'parser': start
[10:20:39.632] [bmv2] [D] [thread 311747] [9.0] [cxt 0] Parser 'parser' entering state 'start'
[10:20:39.632] [bmv2] [D] [thread 311747] [9.0] [cxt 0] Extracting header 'ethernet'
[10:20:39.632] [bmv2] [D] [thread 311747] [9.0] [cxt 0] Parser state 'start': key is 86dd
[10:20:39.632] [bmv2] [T] [thread 311747] [9.0] [cxt 0] Bytes parsed: 14
[10:20:39.632] [bmv2] [D] [thread 311747] [9.0] [cxt 0] Parser 'parser': end
[10:20:39.632] [bmv2] [D] [thread 311747] [9.0] [cxt 0] Pipeline 'ingress': start
[10:20:39.632] [bmv2] [T] [thread 311747] [9.0] [cxt 0] pmu_logging.p4(239) Condition "hdr.ipv4.isValid()" (node_2) is false
[10:20:39.632] [bmv2] [D] [thread 311747] [9.0] [cxt 0] Pipeline 'ingress': end
[10:20:39.632] [bmv2] [D] [thread 311747] [9.0] [cxt 0] Egress port is 0
[10:20:39.632] [bmv2] [D] [thread 311748] [9.0] [cxt 0] Pipeline 'egress': start
[10:20:39.632] [bmv2] [D] [thread 311748] [9.0] [cxt 0] Pipeline 'egress': end
[10:20:39.632] [bmv2] [D] [thread 311748] [9.0] [cxt 0] Deparser 'deparser': start
[10:20:39.632] [bmv2] [T] [thread 311748] [9.0] [cxt 0] Skipping checksum 'cksum' update because condition not met
[10:20:39.632] [bmv2] [D] [thread 311748] [9.0] [cxt 0] Deparsing header 'ethernet'
[10:20:39.632] [bmv2] [D] [thread 311748] [9.0] [cxt 0] Deparser 'deparser': end
[10:20:39.632] [bmv2] [D] [thread 311752] [9.0] [cxt 0] Transmitting packet of size 229 out of port 0
[10:20:39.740] [bmv2] [D] [thread 311747] [10.0] [cxt 0] Processing packet received on port 2
[10:20:39.740] [bmv2] [D] [thread 311747] [10.0] [cxt 0] Parser 'parser': start
[10:20:39.740] [bmv2] [D] [thread 311747] [10.0] [cxt 0] Parser 'parser' entering state 'start'
[10:20:39.740] [bmv2] [D] [thread 311747] [10.0] [cxt 0] Extracting header 'ethernet'
[10:20:39.740] [bmv2] [D] [thread 311747] [10.0] [cxt 0] Parser state 'start': key is 86dd
[10:20:39.740] [bmv2] [T] [thread 311747] [10.0] [cxt 0] Bytes parsed: 14
[10:20:39.740] [bmv2] [D] [thread 311747] [10.0] [cxt 0] Parser 'parser': end
[10:20:39.740] [bmv2] [D] [thread 311747] [10.0] [cxt 0] Pipeline 'ingress': start
[10:20:39.740] [bmv2] [T] [thread 311747] [10.0] [cxt 0] pmu_logging.p4(239) Condition "hdr.ipv4.isValid()" (node_2) is false
[10:20:39.740] [bmv2] [D] [thread 311747] [10.0] [cxt 0] Pipeline 'ingress': end
[10:20:39.740] [bmv2] [D] [thread 311747] [10.0] [cxt 0] Egress port is 0
[10:20:39.740] [bmv2] [D] [thread 311748] [10.0] [cxt 0] Pipeline 'egress': start
[10:20:39.740] [bmv2] [D] [thread 311748] [10.0] [cxt 0] Pipeline 'egress': end
[10:20:39.740] [bmv2] [D] [thread 311748] [10.0] [cxt 0] Deparser 'deparser': start
[10:20:39.740] [bmv2] [T] [thread 311748] [10.0] [cxt 0] Skipping checksum 'cksum' update because condition not met
[10:20:39.740] [bmv2] [D] [thread 311748] [10.0] [cxt 0] Deparsing header 'ethernet'
[10:20:39.740] [bmv2] [D] [thread 311748] [10.0] [cxt 0] Deparser 'deparser': end
[10:20:39.740] [bmv2] [D] [thread 311752] [10.0] [cxt 0] Transmitting packet of size 90 out of port 0
[10:20:39.868] [bmv2] [D] [thread 311747] [11.0] [cxt 0] Processing packet received on port 2
[10:20:39.868] [bmv2] [D] [thread 311747] [11.0] [cxt 0] Parser 'parser': start
[10:20:39.868] [bmv2] [D] [thread 311747] [11.0] [cxt 0] Parser 'parser' entering state 'start'
[10:20:39.868] [bmv2] [D] [thread 311747] [11.0] [cxt 0] Extracting header 'ethernet'
[10:20:39.868] [bmv2] [D] [thread 311747] [11.0] [cxt 0] Parser state 'start': key is 86dd
[10:20:39.868] [bmv2] [T] [thread 311747] [11.0] [cxt 0] Bytes parsed: 14
[10:20:39.868] [bmv2] [D] [thread 311747] [11.0] [cxt 0] Parser 'parser': end
[10:20:39.868] [bmv2] [D] [thread 311747] [11.0] [cxt 0] Pipeline 'ingress': start
[10:20:39.868] [bmv2] [T] [thread 311747] [11.0] [cxt 0] pmu_logging.p4(239) Condition "hdr.ipv4.isValid()" (node_2) is false
[10:20:39.868] [bmv2] [D] [thread 311747] [11.0] [cxt 0] Pipeline 'ingress': end
[10:20:39.868] [bmv2] [D] [thread 311747] [11.0] [cxt 0] Egress port is 0
[10:20:39.868] [bmv2] [D] [thread 311747] [12.0] [cxt 0] Processing packet received on port 1
[10:20:39.868] [bmv2] [D] [thread 311747] [12.0] [cxt 0] Parser 'parser': start
[10:20:39.868] [bmv2] [D] [thread 311747] [12.0] [cxt 0] Parser 'parser' entering state 'start'
[10:20:39.868] [bmv2] [D] [thread 311747] [12.0] [cxt 0] Extracting header 'ethernet'
[10:20:39.868] [bmv2] [D] [thread 311747] [12.0] [cxt 0] Parser state 'start': key is 86dd
[10:20:39.868] [bmv2] [T] [thread 311747] [12.0] [cxt 0] Bytes parsed: 14
[10:20:39.868] [bmv2] [D] [thread 311747] [12.0] [cxt 0] Parser 'parser': end
[10:20:39.868] [bmv2] [D] [thread 311747] [12.0] [cxt 0] Pipeline 'ingress': start
[10:20:39.868] [bmv2] [T] [thread 311747] [12.0] [cxt 0] pmu_logging.p4(239) Condition "hdr.ipv4.isValid()" (node_2) is false
[10:20:39.868] [bmv2] [D] [thread 311747] [12.0] [cxt 0] Pipeline 'ingress': end
[10:20:39.868] [bmv2] [D] [thread 311747] [12.0] [cxt 0] Egress port is 0
[10:20:39.868] [bmv2] [D] [thread 311747] [13.0] [cxt 0] Processing packet received on port 1
[10:20:39.868] [bmv2] [D] [thread 311747] [13.0] [cxt 0] Parser 'parser': start
[10:20:39.868] [bmv2] [D] [thread 311747] [13.0] [cxt 0] Parser 'parser' entering state 'start'
[10:20:39.868] [bmv2] [D] [thread 311747] [13.0] [cxt 0] Extracting header 'ethernet'
[10:20:39.868] [bmv2] [D] [thread 311747] [13.0] [cxt 0] Parser state 'start': key is 86dd
[10:20:39.868] [bmv2] [T] [thread 311747] [13.0] [cxt 0] Bytes parsed: 14
[10:20:39.868] [bmv2] [D] [thread 311747] [13.0] [cxt 0] Parser 'parser': end
[10:20:39.868] [bmv2] [D] [thread 311748] [11.0] [cxt 0] Pipeline 'egress': start
[10:20:39.868] [bmv2] [D] [thread 311748] [11.0] [cxt 0] Pipeline 'egress': end
[10:20:39.868] [bmv2] [D] [thread 311748] [11.0] [cxt 0] Deparser 'deparser': start
[10:20:39.868] [bmv2] [T] [thread 311748] [11.0] [cxt 0] Skipping checksum 'cksum' update because condition not met
[10:20:39.868] [bmv2] [D] [thread 311748] [11.0] [cxt 0] Deparsing header 'ethernet'
[10:20:39.868] [bmv2] [D] [thread 311748] [11.0] [cxt 0] Deparser 'deparser': end
[10:20:39.868] [bmv2] [D] [thread 311747] [13.0] [cxt 0] Pipeline 'ingress': start
[10:20:39.868] [bmv2] [D] [thread 311748] [12.0] [cxt 0] Pipeline 'egress': start
[10:20:39.868] [bmv2] [D] [thread 311748] [12.0] [cxt 0] Pipeline 'egress': end
[10:20:39.868] [bmv2] [D] [thread 311748] [12.0] [cxt 0] Deparser 'deparser': start
[10:20:39.868] [bmv2] [D] [thread 311752] [11.0] [cxt 0] Transmitting packet of size 110 out of port 0
[10:20:39.868] [bmv2] [T] [thread 311747] [13.0] [cxt 0] pmu_logging.p4(239) Condition "hdr.ipv4.isValid()" (node_2) is false
[10:20:39.868] [bmv2] [T] [thread 311748] [12.0] [cxt 0] Skipping checksum 'cksum' update because condition not met
[10:20:39.868] [bmv2] [D] [thread 311748] [12.0] [cxt 0] Deparsing header 'ethernet'
[10:20:39.868] [bmv2] [D] [thread 311748] [12.0] [cxt 0] Deparser 'deparser': end
[10:20:39.868] [bmv2] [D] [thread 311747] [13.0] [cxt 0] Pipeline 'ingress': end
[10:20:39.868] [bmv2] [D] [thread 311747] [13.0] [cxt 0] Egress port is 0
[10:20:39.868] [bmv2] [D] [thread 311748] [13.0] [cxt 0] Pipeline 'egress': start
[10:20:39.868] [bmv2] [D] [thread 311748] [13.0] [cxt 0] Pipeline 'egress': end
[10:20:39.869] [bmv2] [D] [thread 311748] [13.0] [cxt 0] Deparser 'deparser': start
[10:20:39.869] [bmv2] [T] [thread 311748] [13.0] [cxt 0] Skipping checksum 'cksum' update because condition not met
[10:20:39.869] [bmv2] [D] [thread 311748] [13.0] [cxt 0] Deparsing header 'ethernet'
[10:20:39.869] [bmv2] [D] [thread 311748] [13.0] [cxt 0] Deparser 'deparser': end
[10:20:39.869] [bmv2] [D] [thread 311752] [12.0] [cxt 0] Transmitting packet of size 90 out of port 0
[10:20:39.869] [bmv2] [D] [thread 311752] [13.0] [cxt 0] Transmitting packet of size 70 out of port 0
[10:20:39.879] [bmv2] [D] [thread 311747] [14.0] [cxt 0] Processing packet received on port 1
[10:20:39.879] [bmv2] [D] [thread 311747] [14.0] [cxt 0] Parser 'parser': start
[10:20:39.879] [bmv2] [D] [thread 311747] [14.0] [cxt 0] Parser 'parser' entering state 'start'
[10:20:39.879] [bmv2] [D] [thread 311747] [14.0] [cxt 0] Extracting header 'ethernet'
[10:20:39.879] [bmv2] [D] [thread 311747] [14.0] [cxt 0] Parser state 'start': key is 86dd
[10:20:39.880] [bmv2] [T] [thread 311747] [14.0] [cxt 0] Bytes parsed: 14
[10:20:39.880] [bmv2] [D] [thread 311747] [14.0] [cxt 0] Parser 'parser': end
[10:20:39.880] [bmv2] [D] [thread 311747] [14.0] [cxt 0] Pipeline 'ingress': start
[10:20:39.880] [bmv2] [T] [thread 311747] [14.0] [cxt 0] pmu_logging.p4(239) Condition "hdr.ipv4.isValid()" (node_2) is false
[10:20:39.880] [bmv2] [D] [thread 311747] [14.0] [cxt 0] Pipeline 'ingress': end
[10:20:39.880] [bmv2] [D] [thread 311747] [14.0] [cxt 0] Egress port is 0
[10:20:39.880] [bmv2] [D] [thread 311748] [14.0] [cxt 0] Pipeline 'egress': start
[10:20:39.880] [bmv2] [D] [thread 311748] [14.0] [cxt 0] Pipeline 'egress': end
[10:20:39.880] [bmv2] [D] [thread 311748] [14.0] [cxt 0] Deparser 'deparser': start
[10:20:39.880] [bmv2] [T] [thread 311748] [14.0] [cxt 0] Skipping checksum 'cksum' update because condition not met
[10:20:39.880] [bmv2] [D] [thread 311748] [14.0] [cxt 0] Deparsing header 'ethernet'
[10:20:39.880] [bmv2] [D] [thread 311748] [14.0] [cxt 0] Deparser 'deparser': end
[10:20:39.880] [bmv2] [D] [thread 311752] [14.0] [cxt 0] Transmitting packet of size 90 out of port 0
[10:20:39.882] [bmv2] [D] [thread 311747] [15.0] [cxt 0] Processing packet received on port 2
[10:20:39.882] [bmv2] [D] [thread 311747] [15.0] [cxt 0] Parser 'parser': start
[10:20:39.882] [bmv2] [D] [thread 311747] [15.0] [cxt 0] Parser 'parser' entering state 'start'
[10:20:39.882] [bmv2] [D] [thread 311747] [15.0] [cxt 0] Extracting header 'ethernet'
[10:20:39.882] [bmv2] [D] [thread 311747] [15.0] [cxt 0] Parser state 'start': key is 86dd
[10:20:39.882] [bmv2] [T] [thread 311747] [15.0] [cxt 0] Bytes parsed: 14
[10:20:39.882] [bmv2] [D] [thread 311747] [15.0] [cxt 0] Parser 'parser': end
[10:20:39.882] [bmv2] [D] [thread 311747] [15.0] [cxt 0] Pipeline 'ingress': start
[10:20:39.882] [bmv2] [T] [thread 311747] [15.0] [cxt 0] pmu_logging.p4(239) Condition "hdr.ipv4.isValid()" (node_2) is false
[10:20:39.882] [bmv2] [D] [thread 311747] [15.0] [cxt 0] Pipeline 'ingress': end
[10:20:39.882] [bmv2] [D] [thread 311747] [15.0] [cxt 0] Egress port is 0
[10:20:39.882] [bmv2] [D] [thread 311748] [15.0] [cxt 0] Pipeline 'egress': start
[10:20:39.882] [bmv2] [D] [thread 311748] [15.0] [cxt 0] Pipeline 'egress': end
[10:20:39.882] [bmv2] [D] [thread 311748] [15.0] [cxt 0] Deparser 'deparser': start
[10:20:39.882] [bmv2] [T] [thread 311748] [15.0] [cxt 0] Skipping checksum 'cksum' update because condition not met
[10:20:39.882] [bmv2] [D] [thread 311748] [15.0] [cxt 0] Deparsing header 'ethernet'
[10:20:39.882] [bmv2] [D] [thread 311748] [15.0] [cxt 0] Deparser 'deparser': end
[10:20:39.882] [bmv2] [D] [thread 311752] [15.0] [cxt 0] Transmitting packet of size 229 out of port 0
[10:20:39.970] [bmv2] [D] [thread 311747] [16.0] [cxt 0] Processing packet received on port 1
[10:20:39.971] [bmv2] [D] [thread 311747] [16.0] [cxt 0] Parser 'parser': start
[10:20:39.971] [bmv2] [D] [thread 311747] [16.0] [cxt 0] Parser 'parser' entering state 'start'
[10:20:39.971] [bmv2] [D] [thread 311747] [16.0] [cxt 0] Extracting header 'ethernet'
[10:20:39.971] [bmv2] [D] [thread 311747] [16.0] [cxt 0] Parser state 'start': key is 86dd
[10:20:39.971] [bmv2] [T] [thread 311747] [16.0] [cxt 0] Bytes parsed: 14
[10:20:39.971] [bmv2] [D] [thread 311747] [16.0] [cxt 0] Parser 'parser': end
[10:20:39.971] [bmv2] [D] [thread 311747] [16.0] [cxt 0] Pipeline 'ingress': start
[10:20:39.971] [bmv2] [T] [thread 311747] [16.0] [cxt 0] pmu_logging.p4(239) Condition "hdr.ipv4.isValid()" (node_2) is false
[10:20:39.971] [bmv2] [D] [thread 311747] [16.0] [cxt 0] Pipeline 'ingress': end
[10:20:39.971] [bmv2] [D] [thread 311747] [16.0] [cxt 0] Egress port is 0
[10:20:39.971] [bmv2] [D] [thread 311748] [16.0] [cxt 0] Pipeline 'egress': start
[10:20:39.971] [bmv2] [D] [thread 311748] [16.0] [cxt 0] Pipeline 'egress': end
[10:20:39.971] [bmv2] [D] [thread 311748] [16.0] [cxt 0] Deparser 'deparser': start
[10:20:39.971] [bmv2] [T] [thread 311748] [16.0] [cxt 0] Skipping checksum 'cksum' update because condition not met
[10:20:39.971] [bmv2] [D] [thread 311748] [16.0] [cxt 0] Deparsing header 'ethernet'
[10:20:39.971] [bmv2] [D] [thread 311748] [16.0] [cxt 0] Deparser 'deparser': end
[10:20:39.971] [bmv2] [D] [thread 311752] [16.0] [cxt 0] Transmitting packet of size 203 out of port 0
[10:20:39.999] [bmv2] [D] [thread 311747] [17.0] [cxt 0] Processing packet received on port 1
[10:20:40.000] [bmv2] [D] [thread 311747] [17.0] [cxt 0] Parser 'parser': start
[10:20:40.000] [bmv2] [D] [thread 311747] [17.0] [cxt 0] Parser 'parser' entering state 'start'
[10:20:40.000] [bmv2] [D] [thread 311747] [17.0] [cxt 0] Extracting header 'ethernet'
[10:20:40.000] [bmv2] [D] [thread 311747] [17.0] [cxt 0] Parser state 'start': key is 86dd
[10:20:40.000] [bmv2] [T] [thread 311747] [17.0] [cxt 0] Bytes parsed: 14
[10:20:40.000] [bmv2] [D] [thread 311747] [17.0] [cxt 0] Parser 'parser': end
[10:20:40.000] [bmv2] [D] [thread 311747] [17.0] [cxt 0] Pipeline 'ingress': start
[10:20:40.000] [bmv2] [T] [thread 311747] [17.0] [cxt 0] pmu_logging.p4(239) Condition "hdr.ipv4.isValid()" (node_2) is false
[10:20:40.000] [bmv2] [D] [thread 311747] [17.0] [cxt 0] Pipeline 'ingress': end
[10:20:40.000] [bmv2] [D] [thread 311747] [17.0] [cxt 0] Egress port is 0
[10:20:40.000] [bmv2] [D] [thread 311748] [17.0] [cxt 0] Pipeline 'egress': start
[10:20:40.000] [bmv2] [D] [thread 311748] [17.0] [cxt 0] Pipeline 'egress': end
[10:20:40.000] [bmv2] [D] [thread 311748] [17.0] [cxt 0] Deparser 'deparser': start
[10:20:40.000] [bmv2] [T] [thread 311748] [17.0] [cxt 0] Skipping checksum 'cksum' update because condition not met
[10:20:40.000] [bmv2] [D] [thread 311748] [17.0] [cxt 0] Deparsing header 'ethernet'
[10:20:40.000] [bmv2] [D] [thread 311748] [17.0] [cxt 0] Deparser 'deparser': end
[10:20:40.000] [bmv2] [D] [thread 311752] [17.0] [cxt 0] Transmitting packet of size 110 out of port 0
[10:20:40.083] [bmv2] [D] [thread 311747] [18.0] [cxt 0] Processing packet received on port 1
[10:20:40.083] [bmv2] [D] [thread 311747] [18.0] [cxt 0] Parser 'parser': start
[10:20:40.083] [bmv2] [D] [thread 311747] [18.0] [cxt 0] Parser 'parser' entering state 'start'
[10:20:40.083] [bmv2] [D] [thread 311747] [18.0] [cxt 0] Extracting header 'ethernet'
[10:20:40.083] [bmv2] [D] [thread 311747] [18.0] [cxt 0] Parser state 'start': key is 86dd
[10:20:40.083] [bmv2] [T] [thread 311747] [18.0] [cxt 0] Bytes parsed: 14
[10:20:40.083] [bmv2] [D] [thread 311747] [18.0] [cxt 0] Parser 'parser': end
[10:20:40.083] [bmv2] [D] [thread 311747] [18.0] [cxt 0] Pipeline 'ingress': start
[10:20:40.083] [bmv2] [T] [thread 311747] [18.0] [cxt 0] pmu_logging.p4(239) Condition "hdr.ipv4.isValid()" (node_2) is false
[10:20:40.083] [bmv2] [D] [thread 311747] [18.0] [cxt 0] Pipeline 'ingress': end
[10:20:40.083] [bmv2] [D] [thread 311747] [18.0] [cxt 0] Egress port is 0
[10:20:40.083] [bmv2] [D] [thread 311748] [18.0] [cxt 0] Pipeline 'egress': start
[10:20:40.084] [bmv2] [D] [thread 311748] [18.0] [cxt 0] Pipeline 'egress': end
[10:20:40.084] [bmv2] [D] [thread 311748] [18.0] [cxt 0] Deparser 'deparser': start
[10:20:40.084] [bmv2] [T] [thread 311748] [18.0] [cxt 0] Skipping checksum 'cksum' update because condition not met
[10:20:40.084] [bmv2] [D] [thread 311748] [18.0] [cxt 0] Deparsing header 'ethernet'
[10:20:40.084] [bmv2] [D] [thread 311748] [18.0] [cxt 0] Deparser 'deparser': end
[10:20:40.084] [bmv2] [D] [thread 311747] [19.0] [cxt 0] Processing packet received on port 2
[10:20:40.084] [bmv2] [D] [thread 311747] [19.0] [cxt 0] Parser 'parser': start
[10:20:40.084] [bmv2] [D] [thread 311747] [19.0] [cxt 0] Parser 'parser' entering state 'start'
[10:20:40.084] [bmv2] [D] [thread 311747] [19.0] [cxt 0] Extracting header 'ethernet'
[10:20:40.084] [bmv2] [D] [thread 311747] [19.0] [cxt 0] Parser state 'start': key is 86dd
[10:20:40.084] [bmv2] [T] [thread 311747] [19.0] [cxt 0] Bytes parsed: 14
[10:20:40.084] [bmv2] [D] [thread 311752] [18.0] [cxt 0] Transmitting packet of size 229 out of port 0
[10:20:40.084] [bmv2] [D] [thread 311747] [19.0] [cxt 0] Parser 'parser': end
[10:20:40.084] [bmv2] [D] [thread 311747] [19.0] [cxt 0] Pipeline 'ingress': start
[10:20:40.084] [bmv2] [T] [thread 311747] [19.0] [cxt 0] pmu_logging.p4(239) Condition "hdr.ipv4.isValid()" (node_2) is false
[10:20:40.084] [bmv2] [D] [thread 311747] [19.0] [cxt 0] Pipeline 'ingress': end
[10:20:40.084] [bmv2] [D] [thread 311747] [19.0] [cxt 0] Egress port is 0
[10:20:40.084] [bmv2] [D] [thread 311748] [19.0] [cxt 0] Pipeline 'egress': start
[10:20:40.084] [bmv2] [D] [thread 311748] [19.0] [cxt 0] Pipeline 'egress': end
[10:20:40.084] [bmv2] [D] [thread 311748] [19.0] [cxt 0] Deparser 'deparser': start
[10:20:40.084] [bmv2] [T] [thread 311748] [19.0] [cxt 0] Skipping checksum 'cksum' update because condition not met
[10:20:40.084] [bmv2] [D] [thread 311748] [19.0] [cxt 0] Deparsing header 'ethernet'
[10:20:40.084] [bmv2] [D] [thread 311748] [19.0] [cxt 0] Deparser 'deparser': end
[10:20:40.084] [bmv2] [D] [thread 311752] [19.0] [cxt 0] Transmitting packet of size 217 out of port 0
[10:20:40.269] [bmv2] [D] [thread 311747] [20.0] [cxt 0] Processing packet received on port 2
[10:20:40.269] [bmv2] [D] [thread 311747] [20.0] [cxt 0] Parser 'parser': start
[10:20:40.269] [bmv2] [D] [thread 311747] [20.0] [cxt 0] Parser 'parser' entering state 'start'
[10:20:40.269] [bmv2] [D] [thread 311747] [20.0] [cxt 0] Extracting header 'ethernet'
[10:20:40.269] [bmv2] [D] [thread 311747] [20.0] [cxt 0] Parser state 'start': key is 86dd
[10:20:40.269] [bmv2] [T] [thread 311747] [20.0] [cxt 0] Bytes parsed: 14
[10:20:40.269] [bmv2] [D] [thread 311747] [20.0] [cxt 0] Parser 'parser': end
[10:20:40.269] [bmv2] [D] [thread 311747] [20.0] [cxt 0] Pipeline 'ingress': start
[10:20:40.269] [bmv2] [T] [thread 311747] [20.0] [cxt 0] pmu_logging.p4(239) Condition "hdr.ipv4.isValid()" (node_2) is false
[10:20:40.269] [bmv2] [D] [thread 311747] [20.0] [cxt 0] Pipeline 'ingress': end
[10:20:40.269] [bmv2] [D] [thread 311747] [20.0] [cxt 0] Egress port is 0
[10:20:40.269] [bmv2] [D] [thread 311748] [20.0] [cxt 0] Pipeline 'egress': start
[10:20:40.269] [bmv2] [D] [thread 311748] [20.0] [cxt 0] Pipeline 'egress': end
[10:20:40.269] [bmv2] [D] [thread 311748] [20.0] [cxt 0] Deparser 'deparser': start
[10:20:40.269] [bmv2] [T] [thread 311748] [20.0] [cxt 0] Skipping checksum 'cksum' update because condition not met
[10:20:40.269] [bmv2] [D] [thread 311748] [20.0] [cxt 0] Deparsing header 'ethernet'
[10:20:40.269] [bmv2] [D] [thread 311748] [20.0] [cxt 0] Deparser 'deparser': end
[10:20:40.269] [bmv2] [D] [thread 311752] [20.0] [cxt 0] Transmitting packet of size 203 out of port 0
[10:20:40.335] [bmv2] [D] [thread 311747] [21.0] [cxt 0] Processing packet received on port 1
[10:20:40.335] [bmv2] [D] [thread 311747] [21.0] [cxt 0] Parser 'parser': start
[10:20:40.335] [bmv2] [D] [thread 311747] [21.0] [cxt 0] Parser 'parser' entering state 'start'
[10:20:40.335] [bmv2] [D] [thread 311747] [21.0] [cxt 0] Extracting header 'ethernet'
[10:20:40.335] [bmv2] [D] [thread 311747] [21.0] [cxt 0] Parser state 'start': key is 86dd
[10:20:40.335] [bmv2] [T] [thread 311747] [21.0] [cxt 0] Bytes parsed: 14
[10:20:40.335] [bmv2] [D] [thread 311747] [21.0] [cxt 0] Parser 'parser': end
[10:20:40.335] [bmv2] [D] [thread 311747] [21.0] [cxt 0] Pipeline 'ingress': start
[10:20:40.335] [bmv2] [T] [thread 311747] [21.0] [cxt 0] pmu_logging.p4(239) Condition "hdr.ipv4.isValid()" (node_2) is false
[10:20:40.335] [bmv2] [D] [thread 311747] [21.0] [cxt 0] Pipeline 'ingress': end
[10:20:40.335] [bmv2] [D] [thread 311747] [21.0] [cxt 0] Egress port is 0
[10:20:40.336] [bmv2] [D] [thread 311748] [21.0] [cxt 0] Pipeline 'egress': start
[10:20:40.336] [bmv2] [D] [thread 311748] [21.0] [cxt 0] Pipeline 'egress': end
[10:20:40.336] [bmv2] [D] [thread 311748] [21.0] [cxt 0] Deparser 'deparser': start
[10:20:40.336] [bmv2] [T] [thread 311748] [21.0] [cxt 0] Skipping checksum 'cksum' update because condition not met
[10:20:40.336] [bmv2] [D] [thread 311748] [21.0] [cxt 0] Deparsing header 'ethernet'
[10:20:40.336] [bmv2] [D] [thread 311748] [21.0] [cxt 0] Deparser 'deparser': end
[10:20:40.336] [bmv2] [D] [thread 311752] [21.0] [cxt 0] Transmitting packet of size 229 out of port 0
[10:20:40.587] [bmv2] [D] [thread 311747] [22.0] [cxt 0] Processing packet received on port 1
[10:20:40.587] [bmv2] [D] [thread 311747] [22.0] [cxt 0] Parser 'parser': start
[10:20:40.587] [bmv2] [D] [thread 311747] [22.0] [cxt 0] Parser 'parser' entering state 'start'
[10:20:40.587] [bmv2] [D] [thread 311747] [22.0] [cxt 0] Extracting header 'ethernet'
[10:20:40.587] [bmv2] [D] [thread 311747] [22.0] [cxt 0] Parser state 'start': key is 86dd
[10:20:40.587] [bmv2] [T] [thread 311747] [22.0] [cxt 0] Bytes parsed: 14
[10:20:40.587] [bmv2] [D] [thread 311747] [22.0] [cxt 0] Parser 'parser': end
[10:20:40.587] [bmv2] [D] [thread 311747] [22.0] [cxt 0] Pipeline 'ingress': start
[10:20:40.587] [bmv2] [T] [thread 311747] [22.0] [cxt 0] pmu_logging.p4(239) Condition "hdr.ipv4.isValid()" (node_2) is false
[10:20:40.587] [bmv2] [D] [thread 311747] [22.0] [cxt 0] Pipeline 'ingress': end
[10:20:40.587] [bmv2] [D] [thread 311747] [22.0] [cxt 0] Egress port is 0
[10:20:40.587] [bmv2] [D] [thread 311748] [22.0] [cxt 0] Pipeline 'egress': start
[10:20:40.587] [bmv2] [D] [thread 311748] [22.0] [cxt 0] Pipeline 'egress': end
[10:20:40.587] [bmv2] [D] [thread 311748] [22.0] [cxt 0] Deparser 'deparser': start
[10:20:40.587] [bmv2] [T] [thread 311748] [22.0] [cxt 0] Skipping checksum 'cksum' update because condition not met
[10:20:40.587] [bmv2] [D] [thread 311748] [22.0] [cxt 0] Deparsing header 'ethernet'
[10:20:40.587] [bmv2] [D] [thread 311748] [22.0] [cxt 0] Deparser 'deparser': end
[10:20:40.587] [bmv2] [D] [thread 311752] [22.0] [cxt 0] Transmitting packet of size 229 out of port 0
[10:20:40.787] [bmv2] [D] [thread 311747] [23.0] [cxt 0] Processing packet received on port 1
[10:20:40.787] [bmv2] [D] [thread 311747] [23.0] [cxt 0] Parser 'parser': start
[10:20:40.787] [bmv2] [D] [thread 311747] [23.0] [cxt 0] Parser 'parser' entering state 'start'
[10:20:40.787] [bmv2] [D] [thread 311747] [23.0] [cxt 0] Extracting header 'ethernet'
[10:20:40.788] [bmv2] [D] [thread 311747] [23.0] [cxt 0] Parser state 'start': key is 86dd
[10:20:40.788] [bmv2] [T] [thread 311747] [23.0] [cxt 0] Bytes parsed: 14
[10:20:40.788] [bmv2] [D] [thread 311747] [23.0] [cxt 0] Parser 'parser': end
[10:20:40.788] [bmv2] [D] [thread 311747] [23.0] [cxt 0] Pipeline 'ingress': start
[10:20:40.788] [bmv2] [T] [thread 311747] [23.0] [cxt 0] pmu_logging.p4(239) Condition "hdr.ipv4.isValid()" (node_2) is false
[10:20:40.788] [bmv2] [D] [thread 311747] [23.0] [cxt 0] Pipeline 'ingress': end
[10:20:40.788] [bmv2] [D] [thread 311747] [23.0] [cxt 0] Egress port is 0
[10:20:40.788] [bmv2] [D] [thread 311748] [23.0] [cxt 0] Pipeline 'egress': start
[10:20:40.788] [bmv2] [D] [thread 311748] [23.0] [cxt 0] Pipeline 'egress': end
[10:20:40.788] [bmv2] [D] [thread 311748] [23.0] [cxt 0] Deparser 'deparser': start
[10:20:40.788] [bmv2] [T] [thread 311748] [23.0] [cxt 0] Skipping checksum 'cksum' update because condition not met
[10:20:40.788] [bmv2] [D] [thread 311748] [23.0] [cxt 0] Deparsing header 'ethernet'
[10:20:40.788] [bmv2] [D] [thread 311748] [23.0] [cxt 0] Deparser 'deparser': end
[10:20:40.788] [bmv2] [D] [thread 311752] [23.0] [cxt 0] Transmitting packet of size 217 out of port 0
[10:20:40.832] [bmv2] [D] [thread 311747] [24.0] [cxt 0] Processing packet received on port 1
[10:20:40.832] [bmv2] [D] [thread 311747] [24.0] [cxt 0] Parser 'parser': start
[10:20:40.832] [bmv2] [D] [thread 311747] [24.0] [cxt 0] Parser 'parser' entering state 'start'
[10:20:40.832] [bmv2] [D] [thread 311747] [24.0] [cxt 0] Extracting header 'ethernet'
[10:20:40.832] [bmv2] [D] [thread 311747] [24.0] [cxt 0] Parser state 'start': key is 86dd
[10:20:40.832] [bmv2] [T] [thread 311747] [24.0] [cxt 0] Bytes parsed: 14
[10:20:40.832] [bmv2] [D] [thread 311747] [24.0] [cxt 0] Parser 'parser': end
[10:20:40.832] [bmv2] [D] [thread 311747] [24.0] [cxt 0] Pipeline 'ingress': start
[10:20:40.832] [bmv2] [T] [thread 311747] [24.0] [cxt 0] pmu_logging.p4(239) Condition "hdr.ipv4.isValid()" (node_2) is false
[10:20:40.832] [bmv2] [D] [thread 311747] [24.0] [cxt 0] Pipeline 'ingress': end
[10:20:40.832] [bmv2] [D] [thread 311747] [24.0] [cxt 0] Egress port is 0
[10:20:40.832] [bmv2] [D] [thread 311748] [24.0] [cxt 0] Pipeline 'egress': start
[10:20:40.832] [bmv2] [D] [thread 311748] [24.0] [cxt 0] Pipeline 'egress': end
[10:20:40.832] [bmv2] [D] [thread 311748] [24.0] [cxt 0] Deparser 'deparser': start
[10:20:40.832] [bmv2] [T] [thread 311748] [24.0] [cxt 0] Skipping checksum 'cksum' update because condition not met
[10:20:40.832] [bmv2] [D] [thread 311748] [24.0] [cxt 0] Deparsing header 'ethernet'
[10:20:40.832] [bmv2] [D] [thread 311748] [24.0] [cxt 0] Deparser 'deparser': end
[10:20:40.832] [bmv2] [D] [thread 311752] [24.0] [cxt 0] Transmitting packet of size 90 out of port 0
[10:20:40.970] [bmv2] [D] [thread 311747] [25.0] [cxt 0] Processing packet received on port 1
[10:20:40.971] [bmv2] [D] [thread 311747] [25.0] [cxt 0] Parser 'parser': start
[10:20:40.971] [bmv2] [D] [thread 311747] [25.0] [cxt 0] Parser 'parser' entering state 'start'
[10:20:40.971] [bmv2] [D] [thread 311747] [25.0] [cxt 0] Extracting header 'ethernet'
[10:20:40.971] [bmv2] [D] [thread 311747] [25.0] [cxt 0] Parser state 'start': key is 86dd
[10:20:40.971] [bmv2] [T] [thread 311747] [25.0] [cxt 0] Bytes parsed: 14
[10:20:40.971] [bmv2] [D] [thread 311747] [25.0] [cxt 0] Parser 'parser': end
[10:20:40.971] [bmv2] [D] [thread 311747] [25.0] [cxt 0] Pipeline 'ingress': start
[10:20:40.971] [bmv2] [T] [thread 311747] [25.0] [cxt 0] pmu_logging.p4(239) Condition "hdr.ipv4.isValid()" (node_2) is false
[10:20:40.971] [bmv2] [D] [thread 311747] [25.0] [cxt 0] Pipeline 'ingress': end
[10:20:40.971] [bmv2] [D] [thread 311747] [25.0] [cxt 0] Egress port is 0
[10:20:40.971] [bmv2] [D] [thread 311748] [25.0] [cxt 0] Pipeline 'egress': start
[10:20:40.971] [bmv2] [D] [thread 311748] [25.0] [cxt 0] Pipeline 'egress': end
[10:20:40.971] [bmv2] [D] [thread 311748] [25.0] [cxt 0] Deparser 'deparser': start
[10:20:40.971] [bmv2] [T] [thread 311748] [25.0] [cxt 0] Skipping checksum 'cksum' update because condition not met
[10:20:40.971] [bmv2] [D] [thread 311748] [25.0] [cxt 0] Deparsing header 'ethernet'
[10:20:40.971] [bmv2] [D] [thread 311748] [25.0] [cxt 0] Deparser 'deparser': end
[10:20:40.971] [bmv2] [D] [thread 311752] [25.0] [cxt 0] Transmitting packet of size 203 out of port 0
[10:20:41.247] [bmv2] [D] [thread 311747] [26.0] [cxt 0] Processing packet received on port 2
[10:20:41.247] [bmv2] [D] [thread 311747] [26.0] [cxt 0] Parser 'parser': start
[10:20:41.247] [bmv2] [D] [thread 311747] [26.0] [cxt 0] Parser 'parser' entering state 'start'
[10:20:41.247] [bmv2] [D] [thread 311747] [26.0] [cxt 0] Extracting header 'ethernet'
[10:20:41.247] [bmv2] [D] [thread 311747] [26.0] [cxt 0] Parser state 'start': key is 86dd
[10:20:41.247] [bmv2] [T] [thread 311747] [26.0] [cxt 0] Bytes parsed: 14
[10:20:41.247] [bmv2] [D] [thread 311747] [26.0] [cxt 0] Parser 'parser': end
[10:20:41.247] [bmv2] [D] [thread 311747] [26.0] [cxt 0] Pipeline 'ingress': start
[10:20:41.247] [bmv2] [T] [thread 311747] [26.0] [cxt 0] pmu_logging.p4(239) Condition "hdr.ipv4.isValid()" (node_2) is false
[10:20:41.247] [bmv2] [D] [thread 311747] [26.0] [cxt 0] Pipeline 'ingress': end
[10:20:41.247] [bmv2] [D] [thread 311747] [26.0] [cxt 0] Egress port is 0
[10:20:41.248] [bmv2] [D] [thread 311748] [26.0] [cxt 0] Pipeline 'egress': start
[10:20:41.248] [bmv2] [D] [thread 311748] [26.0] [cxt 0] Pipeline 'egress': end
[10:20:41.248] [bmv2] [D] [thread 311748] [26.0] [cxt 0] Deparser 'deparser': start
[10:20:41.248] [bmv2] [T] [thread 311748] [26.0] [cxt 0] Skipping checksum 'cksum' update because condition not met
[10:20:41.248] [bmv2] [D] [thread 311748] [26.0] [cxt 0] Deparsing header 'ethernet'
[10:20:41.248] [bmv2] [D] [thread 311748] [26.0] [cxt 0] Deparser 'deparser': end
[10:20:41.248] [bmv2] [D] [thread 311752] [26.0] [cxt 0] Transmitting packet of size 217 out of port 0
[10:20:41.949] [bmv2] [D] [thread 311747] [27.0] [cxt 0] Processing packet received on port 1
[10:20:41.950] [bmv2] [D] [thread 311747] [27.0] [cxt 0] Parser 'parser': start
[10:20:41.950] [bmv2] [D] [thread 311747] [27.0] [cxt 0] Parser 'parser' entering state 'start'
[10:20:41.950] [bmv2] [D] [thread 311747] [27.0] [cxt 0] Extracting header 'ethernet'
[10:20:41.950] [bmv2] [D] [thread 311747] [27.0] [cxt 0] Parser state 'start': key is 86dd
[10:20:41.950] [bmv2] [T] [thread 311747] [27.0] [cxt 0] Bytes parsed: 14
[10:20:41.950] [bmv2] [D] [thread 311747] [27.0] [cxt 0] Parser 'parser': end
[10:20:41.950] [bmv2] [D] [thread 311747] [27.0] [cxt 0] Pipeline 'ingress': start
[10:20:41.950] [bmv2] [T] [thread 311747] [27.0] [cxt 0] pmu_logging.p4(239) Condition "hdr.ipv4.isValid()" (node_2) is false
[10:20:41.950] [bmv2] [D] [thread 311747] [27.0] [cxt 0] Pipeline 'ingress': end
[10:20:41.950] [bmv2] [D] [thread 311747] [27.0] [cxt 0] Egress port is 0
[10:20:41.950] [bmv2] [D] [thread 311748] [27.0] [cxt 0] Pipeline 'egress': start
[10:20:41.950] [bmv2] [D] [thread 311748] [27.0] [cxt 0] Pipeline 'egress': end
[10:20:41.950] [bmv2] [D] [thread 311748] [27.0] [cxt 0] Deparser 'deparser': start
[10:20:41.950] [bmv2] [T] [thread 311748] [27.0] [cxt 0] Skipping checksum 'cksum' update because condition not met
[10:20:41.950] [bmv2] [D] [thread 311748] [27.0] [cxt 0] Deparsing header 'ethernet'
[10:20:41.950] [bmv2] [D] [thread 311748] [27.0] [cxt 0] Deparser 'deparser': end
[10:20:41.950] [bmv2] [D] [thread 311752] [27.0] [cxt 0] Transmitting packet of size 217 out of port 0
[10:20:42.269] [bmv2] [D] [thread 311747] [28.0] [cxt 0] Processing packet received on port 2
[10:20:42.269] [bmv2] [D] [thread 311747] [28.0] [cxt 0] Parser 'parser': start
[10:20:42.269] [bmv2] [D] [thread 311747] [28.0] [cxt 0] Parser 'parser' entering state 'start'
[10:20:42.269] [bmv2] [D] [thread 311747] [28.0] [cxt 0] Extracting header 'ethernet'
[10:20:42.269] [bmv2] [D] [thread 311747] [28.0] [cxt 0] Parser state 'start': key is 86dd
[10:20:42.269] [bmv2] [T] [thread 311747] [28.0] [cxt 0] Bytes parsed: 14
[10:20:42.269] [bmv2] [D] [thread 311747] [28.0] [cxt 0] Parser 'parser': end
[10:20:42.269] [bmv2] [D] [thread 311747] [28.0] [cxt 0] Pipeline 'ingress': start
[10:20:42.269] [bmv2] [T] [thread 311747] [28.0] [cxt 0] pmu_logging.p4(239) Condition "hdr.ipv4.isValid()" (node_2) is false
[10:20:42.269] [bmv2] [D] [thread 311747] [28.0] [cxt 0] Pipeline 'ingress': end
[10:20:42.269] [bmv2] [D] [thread 311747] [28.0] [cxt 0] Egress port is 0
[10:20:42.270] [bmv2] [D] [thread 311748] [28.0] [cxt 0] Pipeline 'egress': start
[10:20:42.270] [bmv2] [D] [thread 311748] [28.0] [cxt 0] Pipeline 'egress': end
[10:20:42.270] [bmv2] [D] [thread 311748] [28.0] [cxt 0] Deparser 'deparser': start
[10:20:42.270] [bmv2] [T] [thread 311748] [28.0] [cxt 0] Skipping checksum 'cksum' update because condition not met
[10:20:42.270] [bmv2] [D] [thread 311748] [28.0] [cxt 0] Deparsing header 'ethernet'
[10:20:42.270] [bmv2] [D] [thread 311748] [28.0] [cxt 0] Deparser 'deparser': end
[10:20:42.270] [bmv2] [D] [thread 311752] [28.0] [cxt 0] Transmitting packet of size 203 out of port 0
[10:20:42.844] [bmv2] [D] [thread 311747] [29.0] [cxt 0] Processing packet received on port 2
[10:20:42.857] [bmv2] [D] [thread 311747] [29.0] [cxt 0] Parser 'parser': start
[10:20:42.857] [bmv2] [D] [thread 311747] [29.0] [cxt 0] Parser 'parser' entering state 'start'
[10:20:42.857] [bmv2] [D] [thread 311747] [29.0] [cxt 0] Extracting header 'ethernet'
[10:20:42.857] [bmv2] [D] [thread 311747] [29.0] [cxt 0] Parser state 'start': key is 86dd
[10:20:42.857] [bmv2] [T] [thread 311747] [29.0] [cxt 0] Bytes parsed: 14
[10:20:42.857] [bmv2] [D] [thread 311747] [29.0] [cxt 0] Parser 'parser': end
[10:20:42.857] [bmv2] [D] [thread 311747] [29.0] [cxt 0] Pipeline 'ingress': start
[10:20:42.857] [bmv2] [T] [thread 311747] [29.0] [cxt 0] pmu_logging.p4(239) Condition "hdr.ipv4.isValid()" (node_2) is false
[10:20:42.857] [bmv2] [D] [thread 311747] [29.0] [cxt 0] Pipeline 'ingress': end
[10:20:42.857] [bmv2] [D] [thread 311747] [29.0] [cxt 0] Egress port is 0
[10:20:42.857] [bmv2] [D] [thread 311748] [29.0] [cxt 0] Pipeline 'egress': start
[10:20:42.857] [bmv2] [D] [thread 311748] [29.0] [cxt 0] Pipeline 'egress': end
[10:20:42.857] [bmv2] [D] [thread 311748] [29.0] [cxt 0] Deparser 'deparser': start
[10:20:42.857] [bmv2] [T] [thread 311748] [29.0] [cxt 0] Skipping checksum 'cksum' update because condition not met
[10:20:42.857] [bmv2] [D] [thread 311748] [29.0] [cxt 0] Deparsing header 'ethernet'
[10:20:42.857] [bmv2] [D] [thread 311748] [29.0] [cxt 0] Deparser 'deparser': end
[10:20:42.857] [bmv2] [D] [thread 311752] [29.0] [cxt 0] Transmitting packet of size 70 out of port 0
[10:20:42.971] [bmv2] [D] [thread 311747] [30.0] [cxt 0] Processing packet received on port 1
[10:20:42.971] [bmv2] [D] [thread 311747] [30.0] [cxt 0] Parser 'parser': start
[10:20:42.971] [bmv2] [D] [thread 311747] [30.0] [cxt 0] Parser 'parser' entering state 'start'
[10:20:42.971] [bmv2] [D] [thread 311747] [30.0] [cxt 0] Extracting header 'ethernet'
[10:20:42.971] [bmv2] [D] [thread 311747] [30.0] [cxt 0] Parser state 'start': key is 86dd
[10:20:42.971] [bmv2] [T] [thread 311747] [30.0] [cxt 0] Bytes parsed: 14
[10:20:42.971] [bmv2] [D] [thread 311747] [30.0] [cxt 0] Parser 'parser': end
[10:20:42.971] [bmv2] [D] [thread 311747] [30.0] [cxt 0] Pipeline 'ingress': start
[10:20:42.971] [bmv2] [T] [thread 311747] [30.0] [cxt 0] pmu_logging.p4(239) Condition "hdr.ipv4.isValid()" (node_2) is false
[10:20:42.971] [bmv2] [D] [thread 311747] [30.0] [cxt 0] Pipeline 'ingress': end
[10:20:42.971] [bmv2] [D] [thread 311747] [30.0] [cxt 0] Egress port is 0
[10:20:42.972] [bmv2] [D] [thread 311748] [30.0] [cxt 0] Pipeline 'egress': start
[10:20:42.972] [bmv2] [D] [thread 311748] [30.0] [cxt 0] Pipeline 'egress': end
[10:20:42.972] [bmv2] [D] [thread 311748] [30.0] [cxt 0] Deparser 'deparser': start
[10:20:42.972] [bmv2] [T] [thread 311748] [30.0] [cxt 0] Skipping checksum 'cksum' update because condition not met
[10:20:42.972] [bmv2] [D] [thread 311748] [30.0] [cxt 0] Deparsing header 'ethernet'
[10:20:42.972] [bmv2] [D] [thread 311748] [30.0] [cxt 0] Deparser 'deparser': end
[10:20:42.972] [bmv2] [D] [thread 311752] [30.0] [cxt 0] Transmitting packet of size 203 out of port 0
open: No such file or directory
